[sd300c/roll_self] 1/8871 measured pairs
[sd300c/roll_self] 50/8871 measured pairs
^C[sd300c/roll_self] 1/8871 measured pairs
[sd300c/roll_self] 50/8871 measured pairs
[sd300c/roll_self] 100/8871 measured pairs
[sd300c/roll_self] 150/8871 measured pairs
[sd300c/roll_self] 200/8871 measured pairs
[sd300c/roll_self] 250/8871 measured pairs
[sd300c/roll_self] 300/8871 measured pairs
[sd300c/roll_self] 350/8871 measured pairs
[sd300c/roll_self] 400/8871 measured pairs
[sd300c/roll_self] 450/8871 measured pairs
[sd300c/roll_self] 500/8871 measured pairs
[sd300c/roll_self] 550/8871 measured pairs
[sd300c/roll_self] 600/8871 measured pairs
[sd300c/roll_self] 650/8871 measured pairs
[sd300c/roll_self] 700/8871 measured pairs
[sd300c/roll_self] 750/8871 measured pairs
[sd300c/roll_self] 800/8871 measured pairs
[sd300c/roll_self] 850/8871 measured pairs
[sd300c/roll_self] 900/8871 measured pairs
[sd300c/roll_self] 950/8871 measured pairs
[sd300c/roll_self] 1000/8871 measured pairs
[sd300c/roll_self] 1050/8871 measured pairs
[sd300c/roll_self] 1100/8871 measured pairs
[sd300c/roll_self] 1150/8871 measured pairs
[sd300c/roll_self] 1200/8871 measured pairs
[sd300c/roll_self] 1250/8871 measured pairs
[sd300c/roll_self] 1300/8871 measured pairs
[sd300c/roll_self] 1350/8871 measured pairs
[sd300c/roll_self] 1400/8871 measured pairs
[sd300c/roll_self] 1450/8871 measured pairs
[sd300c/roll_self] 1500/8871 measured pairs
[sd300c/roll_self] 1550/8871 measured pairs
[sd300c/roll_self] 1600/8871 measured pairs
[sd300c/roll_self] 1650/8871 measured pairs
[sd300c/roll_self] 1700/8871 measured pairs
[sd300c/roll_self] 1750/8871 measured pairs
[sd300c/roll_self] 1800/8871 measured pairs
[sd300c/roll_self] 1850/8871 measured pairs
[sd300c/roll_self] 1900/8871 measured pairs
[sd300c/roll_self] 1950/8871 measured pairs
[sd300c/roll_self] 2000/8871 measured pairs
[sd300c/roll_self] 2050/8871 measured pairs
[sd300c/roll_self] 2100/8871 measured pairs
[sd300c/roll_self] 2150/8871 measured pairs
[sd300c/roll_self] 2200/8871 measured pairs
[sd300c/roll_self] 2250/8871 measured pairs
[sd300c/roll_self] 2300/8871 measured pairs
[sd300c/roll_self] 2350/8871 measured pairs
[sd300c/roll_self] 2400/8871 measured pairs
[sd300c/roll_self] 2450/8871 measured pairs
[sd300c/roll_self] 2500/8871 measured pairs
[sd300c/roll_self] 2550/8871 measured pairs
[sd300c/roll_self] 2600/8871 measured pairs
[sd300c/roll_self] 2650/8871 measured pairs
[sd300c/roll_self] 2700/8871 measured pairs
[sd300c/roll_self] 2750/8871 measured pairs
[sd300c/roll_self] 2800/8871 measured pairs
[sd300c/roll_self] 2850/8871 measured pairs
[sd300c/roll_self] 2900/8871 measured pairs
[sd300c/roll_self] 2950/8871 measured pairs
[sd300c/roll_self] 3000/8871 measured pairs
[sd300c/roll_self] 3050/8871 measured pairs
[sd300c/roll_self] 3100/8871 measured pairs
[sd300c/roll_self] 3150/8871 measured pairs
[sd300c/roll_self] 3200/8871 measured pairs
[sd300c/roll_self] 3250/8871 measured pairs
[sd300c/roll_self] 3300/8871 measured pairs
[sd300c/roll_self] 3350/8871 measured pairs
[sd300c/roll_self] 3400/8871 measured pairs
[sd300c/roll_self] 3450/8871 measured pairs
[sd300c/roll_self] 3500/8871 measured pairs
[sd300c/roll_self] 3550/8871 measured pairs
[sd300c/roll_self] 3600/8871 measured pairs
[sd300c/roll_self] 3650/8871 measured pairs
[sd300c/roll_self] 3700/8871 measured pairs
[sd300c/roll_self] 3750/8871 measured pairs
[sd300c/roll_self] 3800/8871 measured pairs
[sd300c/roll_self] 3850/8871 measured pairs
[sd300c/roll_self] 3900/8871 measured pairs
[sd300c/roll_self] 3950/8871 measured pairs
[sd300c/roll_self] 4000/8871 measured pairs
[sd300c/roll_self] 4050/8871 measured pairs
[sd300c/roll_self] 4100/8871 measured pairs
[sd300c/roll_self] 4150/8871 measured pairs
[sd300c/roll_self] 4200/8871 measured pairs
[sd300c/roll_self] 4250/8871 measured pairs
[sd300c/roll_self] 4300/8871 measured pairs
[sd300c/roll_self] 4350/8871 measured pairs
[sd300c/roll_self] 4400/8871 measured pairs
[sd300c/roll_self] 4450/8871 measured pairs
[sd300c/roll_self] 4500/8871 measured pairs
[sd300c/roll_self] 4550/8871 measured pairs
[sd300c/roll_self] 4600/8871 measured pairs
[sd300c/roll_self] 4650/8871 measured pairs
[sd300c/roll_self] 4700/8871 measured pairs
[sd300c/roll_self] 4750/8871 measured pairs
[sd300c/roll_self] 4800/8871 measured pairs
[sd300c/roll_self] 4850/8871 measured pairs
[sd300c/roll_self] 4900/8871 measured pairs
[sd300c/roll_self] 4950/8871 measured pairs
[sd300c/roll_self] 5000/8871 measured pairs
[sd300c/roll_self] 5050/8871 measured pairs
[sd300c/roll_self] 5100/8871 measured pairs
[sd300c/roll_self] 5150/8871 measured pairs
[sd300c/roll_self] 5200/8871 measured pairs
[sd300c/roll_self] 5250/8871 measured pairs
[sd300c/roll_self] 5300/8871 measured pairs
[sd300c/roll_self] 5350/8871 measured pairs
[sd300c/roll_self] 5400/8871 measured pairs
[sd300c/roll_self] 5450/8871 measured pairs
[sd300c/roll_self] 5500/8871 measured pairs
[sd300c/roll_self] 5550/8871 measured pairs
[sd300c/roll_self] 5600/8871 measured pairs
[sd300c/roll_self] 5650/8871 measured pairs
[sd300c/roll_self] 5700/8871 measured pairs
[sd300c/roll_self] 5750/8871 measured pairs
[sd300c/roll_self] 5800/8871 measured pairs
[sd300c/roll_self] 5850/8871 measured pairs
[sd300c/roll_self] 5900/8871 measured pairs
[sd300c/roll_self] 5950/8871 measured pairs
[sd300c/roll_self] 6000/8871 measured pairs
[sd300c/roll_self] 6050/8871 measured pairs
[sd300c/roll_self] 6100/8871 measured pairs
[sd300c/roll_self] 6150/8871 measured pairs
[sd300c/roll_self] 6200/8871 measured pairs
[sd300c/roll_self] 6250/8871 measured pairs
[sd300c/roll_self] 6300/8871 measured pairs
[sd300c/roll_self] 6350/8871 measured pairs
[sd300c/roll_self] 6400/8871 measured pairs
[sd300c/roll_self] 6450/8871 measured pairs
[sd300c/roll_self] 6500/8871 measured pairs
[sd300c/roll_self] 6550/8871 measured pairs
[sd300c/roll_self] 6600/8871 measured pairs
[sd300c/roll_self] 6650/8871 measured pairs
[sd300c/roll_self] 6700/8871 measured pairs
[sd300c/roll_self] 6750/8871 measured pairs
[sd300c/roll_self] 6800/8871 measured pairs
[sd300c/roll_self] 6850/8871 measured pairs
[sd300c/roll_self] 6900/8871 measured pairs
[sd300c/roll_self] 6950/8871 measured pairs
[sd300c/roll_self] 7000/8871 measured pairs
[sd300c/roll_self] 7050/8871 measured pairs
[sd300c/roll_self] 7100/8871 measured pairs
[sd300c/roll_self] 7150/8871 measured pairs
[sd300c/roll_self] 7200/8871 measured pairs
[sd300c/roll_self] 7250/8871 measured pairs
[sd300c/roll_self] 7300/8871 measured pairs
[sd300c/roll_self] 7350/8871 measured pairs
[sd300c/roll_self] 7400/8871 measured pairs
[sd300c/roll_self] 7450/8871 measured pairs
[sd300c/roll_self] 7500/8871 measured pairs
[sd300c/roll_self] 7550/8871 measured pairs
[sd300c/roll_self] 7600/8871 measured pairs
[sd300c/roll_self] 7650/8871 measured pairs
[sd300c/roll_self] 7700/8871 measured pairs
[sd300c/roll_self] 7750/8871 measured pairs
[sd300c/roll_self] 7800/8871 measured pairs
[sd300c/roll_self] 7850/8871 measured pairs
[sd300c/roll_self] 7900/8871 measured pairs
[sd300c/roll_self] 7950/8871 measured pairs
[sd300c/roll_self] 8000/8871 measured pairs
[sd300c/roll_self] 8050/8871 measured pairs
[sd300c/roll_self] 8100/8871 measured pairs
[sd300c/roll_self] 8150/8871 measured pairs
[sd300c/roll_self] 8200/8871 measured pairs
[sd300c/roll_self] 8250/8871 measured pairs
[sd300c/roll_self] 8300/8871 measured pairs
[sd300c/roll_self] 8350/8871 measured pairs
[sd300c/roll_self] 8400/8871 measured pairs
[sd300c/roll_self] 8450/8871 measured pairs
[sd300c/roll_self] 8500/8871 measured pairs
[sd300c/roll_self] 8550/8871 measured pairs
[sd300c/roll_self] 8600/8871 measured pairs
[sd300c/roll_self] 8650/8871 measured pairs
[sd300c/roll_self] 8700/8871 measured pairs
[sd300c/roll_self] 8750/8871 measured pairs
[sd300c/roll_self] 8800/8871 measured pairs
[sd300c/roll_self] 8850/8871 measured pairs
[sd300c/roll_self] 8871/8871 measured pairs
{
  "benchmark_contract_version": "pairwise-benchmark-v2",
  "config_hash": "cb6ed29d0231c44a3d95e60fd1b9fd7aa8f2fa333c8ccecd971b252c041830c3",
  "dataset": "sd300c",
  "failure_counts": {
    "comparison_failure": 0,
    "prepare_a_failure": 0,
    "prepare_b_failure": 0
  },
  "implementation_hash": "b81b2953598f56b178bacf1ba3007602c6750fe9bf2f8b521fdd4fa9f0456c28",
  "manifest_rows": 8871,
  "method": "sourceafis",
  "method_version": "3.18.1",
  "ok": 8871,
  "protocol": "roll_self",
  "result_path": "C:\\fingerprint-recognition-research\\results\\sd300c\\roll_self\\sourceafis\\pairwise-benchmark-v2\\cb6ed29d0231c44a3d95e60fd1b9fd7aa8f2fa333c8ccecd971b252c041830c3\\pairs.csv",
  "result_rows": 8871,
  "result_sha256": "16f3bf3f6eec85d5c1ce7dcd9419afdf5034a07e112abc120d4dcef61bd7ec84",
  "score_payload_sha256": "26e2b91e1f51ea47542225854cc1981650de7e6cd25632d7a0a26b6921cc407c"
}
