[sd300c/plain_roll] 1/8779 measured pairs
[sd300c/plain_roll] 50/8779 measured pairs
[sd300c/plain_roll] 100/8779 measured pairs
[sd300c/plain_roll] 150/8779 measured pairs
[sd300c/plain_roll] 200/8779 measured pairs
[sd300c/plain_roll] 250/8779 measured pairs
[sd300c/plain_roll] 300/8779 measured pairs
[sd300c/plain_roll] 350/8779 measured pairs
[sd300c/plain_roll] 400/8779 measured pairs
[sd300c/plain_roll] 450/8779 measured pairs
[sd300c/plain_roll] 500/8779 measured pairs
[sd300c/plain_roll] 550/8779 measured pairs
[sd300c/plain_roll] 600/8779 measured pairs
[sd300c/plain_roll] 650/8779 measured pairs
[sd300c/plain_roll] 700/8779 measured pairs
[sd300c/plain_roll] 750/8779 measured pairs
[sd300c/plain_roll] 800/8779 measured pairs
[sd300c/plain_roll] 850/8779 measured pairs
[sd300c/plain_roll] 900/8779 measured pairs
[sd300c/plain_roll] 950/8779 measured pairs
[sd300c/plain_roll] 1000/8779 measured pairs
[sd300c/plain_roll] 1050/8779 measured pairs
[sd300c/plain_roll] 1100/8779 measured pairs
[sd300c/plain_roll] 1150/8779 measured pairs
[sd300c/plain_roll] 1200/8779 measured pairs
[sd300c/plain_roll] 1250/8779 measured pairs
[sd300c/plain_roll] 1300/8779 measured pairs
[sd300c/plain_roll] 1350/8779 measured pairs
[sd300c/plain_roll] 1400/8779 measured pairs
[sd300c/plain_roll] 1450/8779 measured pairs
[sd300c/plain_roll] 1500/8779 measured pairs
[sd300c/plain_roll] 1550/8779 measured pairs
[sd300c/plain_roll] 1600/8779 measured pairs
[sd300c/plain_roll] 1650/8779 measured pairs
[sd300c/plain_roll] 1700/8779 measured pairs
[sd300c/plain_roll] 1750/8779 measured pairs
[sd300c/plain_roll] 1800/8779 measured pairs
[sd300c/plain_roll] 1850/8779 measured pairs
[sd300c/plain_roll] 1900/8779 measured pairs
[sd300c/plain_roll] 1950/8779 measured pairs
[sd300c/plain_roll] 2000/8779 measured pairs
[sd300c/plain_roll] 2050/8779 measured pairs
[sd300c/plain_roll] 2100/8779 measured pairs
[sd300c/plain_roll] 2150/8779 measured pairs
[sd300c/plain_roll] 2200/8779 measured pairs
[sd300c/plain_roll] 2250/8779 measured pairs
[sd300c/plain_roll] 2300/8779 measured pairs
[sd300c/plain_roll] 2350/8779 measured pairs
[sd300c/plain_roll] 2400/8779 measured pairs
[sd300c/plain_roll] 2450/8779 measured pairs
[sd300c/plain_roll] 2500/8779 measured pairs
[sd300c/plain_roll] 2550/8779 measured pairs
[sd300c/plain_roll] 2600/8779 measured pairs
[sd300c/plain_roll] 2650/8779 measured pairs
[sd300c/plain_roll] 2700/8779 measured pairs
[sd300c/plain_roll] 2750/8779 measured pairs
[sd300c/plain_roll] 2800/8779 measured pairs
[sd300c/plain_roll] 2850/8779 measured pairs
[sd300c/plain_roll] 2900/8779 measured pairs
[sd300c/plain_roll] 2950/8779 measured pairs
[sd300c/plain_roll] 3000/8779 measured pairs
[sd300c/plain_roll] 3050/8779 measured pairs
[sd300c/plain_roll] 3100/8779 measured pairs
[sd300c/plain_roll] 3150/8779 measured pairs
[sd300c/plain_roll] 3200/8779 measured pairs
[sd300c/plain_roll] 3250/8779 measured pairs
[sd300c/plain_roll] 3300/8779 measured pairs
[sd300c/plain_roll] 3350/8779 measured pairs
[sd300c/plain_roll] 3400/8779 measured pairs
[sd300c/plain_roll] 3450/8779 measured pairs
[sd300c/plain_roll] 3500/8779 measured pairs
[sd300c/plain_roll] 3550/8779 measured pairs
[sd300c/plain_roll] 3600/8779 measured pairs
[sd300c/plain_roll] 3650/8779 measured pairs
[sd300c/plain_roll] 3700/8779 measured pairs
[sd300c/plain_roll] 3750/8779 measured pairs
[sd300c/plain_roll] 3800/8779 measured pairs
[sd300c/plain_roll] 3850/8779 measured pairs
[sd300c/plain_roll] 3900/8779 measured pairs
[sd300c/plain_roll] 3950/8779 measured pairs
[sd300c/plain_roll] 4000/8779 measured pairs
[sd300c/plain_roll] 4050/8779 measured pairs
[sd300c/plain_roll] 4100/8779 measured pairs
[sd300c/plain_roll] 4150/8779 measured pairs
[sd300c/plain_roll] 4200/8779 measured pairs
[sd300c/plain_roll] 4250/8779 measured pairs
[sd300c/plain_roll] 4300/8779 measured pairs
[sd300c/plain_roll] 4350/8779 measured pairs
[sd300c/plain_roll] 4400/8779 measured pairs
[sd300c/plain_roll] 4450/8779 measured pairs
[sd300c/plain_roll] 4500/8779 measured pairs
[sd300c/plain_roll] 4550/8779 measured pairs
[sd300c/plain_roll] 4600/8779 measured pairs
[sd300c/plain_roll] 4650/8779 measured pairs
[sd300c/plain_roll] 4700/8779 measured pairs
[sd300c/plain_roll] 4750/8779 measured pairs
[sd300c/plain_roll] 4800/8779 measured pairs
[sd300c/plain_roll] 4850/8779 measured pairs
[sd300c/plain_roll] 4900/8779 measured pairs
[sd300c/plain_roll] 4950/8779 measured pairs
[sd300c/plain_roll] 5000/8779 measured pairs
[sd300c/plain_roll] 5050/8779 measured pairs
[sd300c/plain_roll] 5100/8779 measured pairs
[sd300c/plain_roll] 5150/8779 measured pairs
[sd300c/plain_roll] 5200/8779 measured pairs
[sd300c/plain_roll] 5250/8779 measured pairs
[sd300c/plain_roll] 5300/8779 measured pairs
[sd300c/plain_roll] 5350/8779 measured pairs
[sd300c/plain_roll] 5400/8779 measured pairs
[sd300c/plain_roll] 5450/8779 measured pairs
[sd300c/plain_roll] 5500/8779 measured pairs
[sd300c/plain_roll] 5550/8779 measured pairs
[sd300c/plain_roll] 5600/8779 measured pairs
[sd300c/plain_roll] 5650/8779 measured pairs
[sd300c/plain_roll] 5700/8779 measured pairs
[sd300c/plain_roll] 5750/8779 measured pairs
[sd300c/plain_roll] 5800/8779 measured pairs
[sd300c/plain_roll] 5850/8779 measured pairs
[sd300c/plain_roll] 5900/8779 measured pairs
[sd300c/plain_roll] 5950/8779 measured pairs
[sd300c/plain_roll] 6000/8779 measured pairs
[sd300c/plain_roll] 6050/8779 measured pairs
[sd300c/plain_roll] 6100/8779 measured pairs
[sd300c/plain_roll] 6150/8779 measured pairs
[sd300c/plain_roll] 6200/8779 measured pairs
[sd300c/plain_roll] 6250/8779 measured pairs
[sd300c/plain_roll] 6300/8779 measured pairs
[sd300c/plain_roll] 6350/8779 measured pairs
[sd300c/plain_roll] 6400/8779 measured pairs
[sd300c/plain_roll] 6450/8779 measured pairs
[sd300c/plain_roll] 6500/8779 measured pairs
[sd300c/plain_roll] 6550/8779 measured pairs
[sd300c/plain_roll] 6600/8779 measured pairs
[sd300c/plain_roll] 6650/8779 measured pairs
[sd300c/plain_roll] 6700/8779 measured pairs
[sd300c/plain_roll] 6750/8779 measured pairs
[sd300c/plain_roll] 6800/8779 measured pairs
[sd300c/plain_roll] 6850/8779 measured pairs
[sd300c/plain_roll] 6900/8779 measured pairs
[sd300c/plain_roll] 6950/8779 measured pairs
[sd300c/plain_roll] 7000/8779 measured pairs
[sd300c/plain_roll] 7050/8779 measured pairs
[sd300c/plain_roll] 7100/8779 measured pairs
[sd300c/plain_roll] 7150/8779 measured pairs
[sd300c/plain_roll] 7200/8779 measured pairs
[sd300c/plain_roll] 7250/8779 measured pairs
[sd300c/plain_roll] 7300/8779 measured pairs
[sd300c/plain_roll] 7350/8779 measured pairs
[sd300c/plain_roll] 7400/8779 measured pairs
[sd300c/plain_roll] 7450/8779 measured pairs
[sd300c/plain_roll] 7500/8779 measured pairs
[sd300c/plain_roll] 7550/8779 measured pairs
[sd300c/plain_roll] 7600/8779 measured pairs
[sd300c/plain_roll] 7650/8779 measured pairs
[sd300c/plain_roll] 7700/8779 measured pairs
[sd300c/plain_roll] 7750/8779 measured pairs
[sd300c/plain_roll] 7800/8779 measured pairs
[sd300c/plain_roll] 7850/8779 measured pairs
[sd300c/plain_roll] 7900/8779 measured pairs
[sd300c/plain_roll] 7950/8779 measured pairs
[sd300c/plain_roll] 8000/8779 measured pairs
[sd300c/plain_roll] 8050/8779 measured pairs
[sd300c/plain_roll] 8100/8779 measured pairs
[sd300c/plain_roll] 8150/8779 measured pairs
[sd300c/plain_roll] 8200/8779 measured pairs
[sd300c/plain_roll] 8250/8779 measured pairs
[sd300c/plain_roll] 8300/8779 measured pairs
[sd300c/plain_roll] 8350/8779 measured pairs
[sd300c/plain_roll] 8400/8779 measured pairs
[sd300c/plain_roll] 8450/8779 measured pairs
[sd300c/plain_roll] 8500/8779 measured pairs
[sd300c/plain_roll] 8550/8779 measured pairs
[sd300c/plain_roll] 8600/8779 measured pairs
[sd300c/plain_roll] 8650/8779 measured pairs
[sd300c/plain_roll] 8700/8779 measured pairs
[sd300c/plain_roll] 8750/8779 measured pairs
[sd300c/plain_roll] 8779/8779 measured pairs
{
  "benchmark_contract_version": "pairwise-benchmark-v2",
  "config_hash": "cb6ed29d0231c44a3d95e60fd1b9fd7aa8f2fa333c8ccecd971b252c041830c3",
  "dataset": "sd300c",
  "failure_counts": {
    "comparison_failure": 0,
    "prepare_a_failure": 0,
    "prepare_b_failure": 0
  },
  "implementation_hash": "b81b2953598f56b178bacf1ba3007602c6750fe9bf2f8b521fdd4fa9f0456c28",
  "manifest_rows": 8779,
  "method": "sourceafis",
  "method_version": "3.18.1",
  "ok": 8779,
  "protocol": "plain_roll",
  "result_path": "C:\\fingerprint-recognition-research\\results\\sd300c\\plain_roll\\sourceafis\\pairwise-benchmark-v2\\cb6ed29d0231c44a3d95e60fd1b9fd7aa8f2fa333c8ccecd971b252c041830c3\\pairs.csv",
  "result_rows": 8779,
  "result_sha256": "ddda33b16362465fe17de45e5dde3130da958538db3b15a1495c7720d0fb71f5",
  "score_payload_sha256": "dca93efe478c261ae7fc111c467b894315e88851c064d838dedf41b0d0e93dfc"
}
